#
# There is insufficient memory for the Java Runtime Environment to continue.
# Native memory allocation (malloc) failed to allocate 32744 bytes for ChunkPool::allocate
# Possible reasons:
#   The system is out of physical RAM or swap space
#   The process is running with CompressedOops enabled, and the Java Heap may be blocking the growth of the native heap
# Possible solutions:
#   Reduce memory load on the system
#   Increase physical memory or swap space
#   Check if swap backing store is full
#   Decrease Java heap size (-Xmx/-Xms)
#   Decrease number of Java threads
#   Decrease Java thread stack sizes (-Xss)
#   Set larger code cache with -XX:ReservedCodeCacheSize=
#   JVM is running with Unscaled Compressed Oops mode in which the Java heap is
#     placed in the first 4GB address space. The Java Heap base address is the
#     maximum limit for the native heap growth. Please use -XX:HeapBaseMinAddress
#     to set the Java Heap base and to place the Java Heap above 4GB virtual address.
# This output file may be truncated or incomplete.
#
#  Out of Memory Error (allocation.cpp:272), pid=10532, tid=0x0000000000003240
#
# JRE version: Java(TM) SE Runtime Environment (8.0_231-b11) (build 1.8.0_231-b11)
# Java VM: Java HotSpot(TM) 64-Bit Server VM (25.231-b11 mixed mode windows-amd64 compressed oops)
# Failed to write core dump. Minidumps are not enabled by default on client versions of Windows
#

---------------  T H R E A D  ---------------

Current thread (0x0000000013786800):  JavaThread "C1 CompilerThread1" daemon [_thread_in_native, id=12864, stack(0x00000000148c0000,0x00000000149c0000)]

Stack: [0x00000000148c0000,0x00000000149c0000]
[error occurred during error reporting (printing stack bounds), id 0xc0000005]

Native frames: (J=compiled Java code, j=interpreted, Vv=VM code, C=native code)


Current CompileTask:
C1:   5553  871 % !   3       sun.awt.image.PNGImageDecoder::produceImage @ 960 (1916 bytes)


---------------  P R O C E S S  ---------------

Java Threads: ( => current thread )
  0x0000000015fe4800 JavaThread "AWT-EventQueue-0" [_thread_blocked, id=10756, stack(0x0000000016770000,0x0000000016870000)]
  0x0000000016138800 JavaThread "AWT-Shutdown" [_thread_blocked, id=9692, stack(0x0000000015590000,0x0000000015690000)]
  0x0000000014fae000 JavaThread "Image Fetcher 0" daemon [_thread_blocked, id=2952, stack(0x0000000015e70000,0x0000000015f70000)]
  0x0000000014f02800 JavaThread "AWT-Windows" daemon [_thread_in_native, id=3352, stack(0x0000000015690000,0x0000000015790000)]
  0x0000000014efe800 JavaThread "Java2D Disposer" daemon [_thread_blocked, id=12600, stack(0x00000000150c0000,0x00000000151c0000)]
  0x00000000137e8800 JavaThread "Service Thread" daemon [_thread_blocked, id=6712, stack(0x00000000149c0000,0x0000000014ac0000)]
=>0x0000000013786800 JavaThread "C1 CompilerThread1" daemon [_thread_in_native, id=12864, stack(0x00000000148c0000,0x00000000149c0000)]
  0x0000000013783000 JavaThread "C2 CompilerThread0" daemon [_thread_in_native, id=4664, stack(0x00000000147c0000,0x00000000148c0000)]
  0x0000000013781800 JavaThread "Attach Listener" daemon [_thread_blocked, id=5176, stack(0x00000000146c0000,0x00000000147c0000)]
  0x000000001377e800 JavaThread "Signal Dispatcher" daemon [_thread_blocked, id=2304, stack(0x00000000145c0000,0x00000000146c0000)]
  0x00000000026c2800 JavaThread "Finalizer" daemon [_thread_blocked, id=9928, stack(0x00000000143b0000,0x00000000144b0000)]
  0x0000000013768000 JavaThread "Reference Handler" daemon [_thread_blocked, id=5656, stack(0x00000000142b0000,0x00000000143b0000)]
  0x0000000000f0d800 JavaThread "main" [_thread_in_native, id=7424, stack(0x00000000024c0000,0x00000000025c0000)]

Other Threads:
  0x0000000013746000 VMThread [stack: 0x00000000141b0000,0x00000000142b0000] [id=12524]
  0x00000000137eb800 WatcherThread [stack: 0x0000000014ac0000,0x0000000014bc0000] [id=7724]

VM state:not at safepoint (normal execution)

VM Mutex/Monitor currently owned by a thread: None

heap address: 0x00000000e2200000, size: 478 MB, Compressed Oops mode: 32-bit
Narrow klass base: 0x0000000000000000, Narrow klass shift: 3
Compressed class space size: 1073741824 Address: 0x0000000100000000

Heap:
 PSYoungGen      total 9216K, used 2667K [0x00000000f6100000, 0x00000000f6b00000, 0x0000000100000000)
  eden space 8192K, 20% used [0x00000000f6100000,0x00000000f62a0be0,0x00000000f6900000)
  from space 1024K, 97% used [0x00000000f6900000,0x00000000f69fa130,0x00000000f6a00000)
  to   space 1024K, 0% used [0x00000000f6a00000,0x00000000f6a00000,0x00000000f6b00000)
 ParOldGen       total 20480K, used 1484K [0x00000000e2200000, 0x00000000e3600000, 0x00000000f6100000)
  object space 20480K, 7% used [0x00000000e2200000,0x00000000e2373060,0x00000000e3600000)
 Metaspace       used 11617K, capacity 11830K, committed 12032K, reserved 1060864K
  class space    used 1445K, capacity 1532K, committed 1536K, reserved 1048576K

Card table byte_map: [0x0000000011aa0000,0x0000000011b90000] byte_map_base: 0x000000001138f000

Marking Bits: (ParMarkBitMap*) 0x0000000051106d90
 Begin Bits: [0x0000000011e30000, 0x00000000125a8000)
 End Bits:   [0x00000000125a8000, 0x0000000012d20000)

Polling page: 0x0000000000f10000

CodeCache: size=245760Kb used=3042Kb max_used=3042Kb free=242717Kb
 bounds [0x00000000026e0000, 0x00000000029e0000, 0x00000000116e0000]
 total_blobs=1343 nmethods=870 adapters=386
 compilation: enabled

Compilation events (10 events):
Event: 5.457 Thread 0x0000000013786800  867       3       java.util.zip.ZStreamRef::address (5 bytes)
Event: 5.457 Thread 0x0000000013786800 nmethod 867 0x00000000029d55d0 code [0x00000000029d5720, 0x00000000029d5870]
Event: 5.460 Thread 0x0000000013786800  868       3       java.util.zip.InflaterInputStream::ensureOpen (18 bytes)
Event: 5.460 Thread 0x0000000013786800 nmethod 868 0x00000000029d8dd0 code [0x00000000029d8f40, 0x00000000029d9188]
Event: 5.468 Thread 0x0000000013786800  869  s    1       java.lang.StringBuffer::length (5 bytes)
Event: 5.468 Thread 0x0000000013786800 nmethod 869 0x00000000029d9250 code [0x00000000029d93a0, 0x00000000029d9610]
Event: 5.476 Thread 0x0000000013786800  870       3       java.lang.String::lastIndexOf (151 bytes)
Event: 5.477 Thread 0x0000000013786800 nmethod 870 0x00000000029d9690 code [0x00000000029d9840, 0x00000000029d9d90]
Event: 5.488 Thread 0x0000000013786800  871 % !   3       sun.awt.image.PNGImageDecoder::produceImage @ 960 (1916 bytes)
Event: 5.504 Thread 0x0000000013783000  874       4       java.lang.String::indexOf (166 bytes)

GC Heap History (2 events):
Event: 4.920 GC heap before
{Heap before GC invocations=1 (full 0):
 PSYoungGen      total 9216K, used 8192K [0x00000000f6100000, 0x00000000f6b00000, 0x0000000100000000)
  eden space 8192K, 100% used [0x00000000f6100000,0x00000000f6900000,0x00000000f6900000)
  from space 1024K, 0% used [0x00000000f6a00000,0x00000000f6a00000,0x00000000f6b00000)
  to   space 1024K, 0% used [0x00000000f6900000,0x00000000f6900000,0x00000000f6a00000)
 ParOldGen       total 20480K, used 0K [0x00000000e2200000, 0x00000000e3600000, 0x00000000f6100000)
  object space 20480K, 0% used [0x00000000e2200000,0x00000000e2200000,0x00000000e3600000)
 Metaspace       used 11325K, capacity 11532K, committed 11776K, reserved 1058816K
  class space    used 1408K, capacity 1499K, committed 1536K, reserved 1048576K
Event: 4.934 GC heap after
Heap after GC invocations=1 (full 0):
 PSYoungGen      total 9216K, used 1000K [0x00000000f6100000, 0x00000000f6b00000, 0x0000000100000000)
  eden space 8192K, 0% used [0x00000000f6100000,0x00000000f6100000,0x00000000f6900000)
  from space 1024K, 97% used [0x00000000f6900000,0x00000000f69fa130,0x00000000f6a00000)
  to   space 1024K, 0% used [0x00000000f6a00000,0x00000000f6a00000,0x00000000f6b00000)
 ParOldGen       total 20480K, used 1484K [0x00000000e2200000, 0x00000000e3600000, 0x00000000f6100000)
  object space 20480K, 7% used [0x00000000e2200000,0x00000000e2373060,0x00000000e3600000)
 Metaspace       used 11325K, capacity 11532K, committed 11776K, reserved 1058816K
  class space    used 1408K, capacity 1499K, committed 1536K, reserved 1048576K
}

Deoptimization events (0 events):
No events

Classes redefined (0 events):
No events

Internal exceptions (10 events):
Event: 0.324 Thread 0x0000000000f0d800 Exception <a 'java/lang/NoSuchMethodError': Method sun.misc.Unsafe.defineClass(Ljava/lang/String;[BII)Ljava/lang/Class; name or signature does not match> (0x00000000f6107cb8) thrown at [C:\re\workspace\8-2-build-windows-amd64-cygwin\jdk8u231\13620\hotspot
Event: 0.325 Thread 0x0000000000f0d800 Exception <a 'java/lang/NoSuchMethodError': Method sun.misc.Unsafe.prefetchRead(Ljava/lang/Object;J)V name or signature does not match> (0x00000000f6107fa0) thrown at [C:\re\workspace\8-2-build-windows-amd64-cygwin\jdk8u231\13620\hotspot\src\share\vm\prim
Event: 1.091 Thread 0x0000000000f0d800 Exception <a 'java/security/PrivilegedActionException'> (0x00000000f61d2688) thrown at [C:\re\workspace\8-2-build-windows-amd64-cygwin\jdk8u231\13620\hotspot\src\share\vm\prims\jvm.cpp, line 1502]
Event: 1.091 Thread 0x0000000000f0d800 Exception <a 'java/security/PrivilegedActionException'> (0x00000000f61d2898) thrown at [C:\re\workspace\8-2-build-windows-amd64-cygwin\jdk8u231\13620\hotspot\src\share\vm\prims\jvm.cpp, line 1502]
Event: 1.095 Thread 0x0000000000f0d800 Exception <a 'java/security/PrivilegedActionException'> (0x00000000f61d67a8) thrown at [C:\re\workspace\8-2-build-windows-amd64-cygwin\jdk8u231\13620\hotspot\src\share\vm\prims\jvm.cpp, line 1502]
Event: 1.095 Thread 0x0000000000f0d800 Exception <a 'java/security/PrivilegedActionException'> (0x00000000f61d69b8) thrown at [C:\re\workspace\8-2-build-windows-amd64-cygwin\jdk8u231\13620\hotspot\src\share\vm\prims\jvm.cpp, line 1502]
Event: 1.135 Thread 0x0000000000f0d800 Exception <a 'java/io/FileNotFoundException'> (0x00000000f61dc708) thrown at [C:\re\workspace\8-2-build-windows-amd64-cygwin\jdk8u231\13620\hotspot\src\share\vm\prims\jni.cpp, line 710]
Event: 1.380 Thread 0x0000000000f0d800 Exception <a 'java/lang/NoSuchFieldError': method resolution failed> (0x00000000f62ad020) thrown at [C:\re\workspace\8-2-build-windows-amd64-cygwin\jdk8u231\13620\hotspot\src\share\vm\prims\methodHandles.cpp, line 1167]
Event: 1.401 Thread 0x0000000000f0d800 Exception <a 'java/lang/NoSuchFieldError': method resolution failed> (0x00000000f62ba370) thrown at [C:\re\workspace\8-2-build-windows-amd64-cygwin\jdk8u231\13620\hotspot\src\share\vm\prims\methodHandles.cpp, line 1167]
Event: 1.665 Thread 0x0000000000f0d800 Exception <a 'java/io/FileNotFoundException'> (0x00000000f6355828) thrown at [C:\re\workspace\8-2-build-windows-amd64-cygwin\jdk8u231\13620\hotspot\src\share\vm\prims\jni.cpp, line 710]

Events (10 events):
Event: 5.495 Executing VM operation: RevokeBias
Event: 5.495 Executing VM operation: RevokeBias done
Event: 5.499 Executing VM operation: RevokeBias
Event: 5.499 Executing VM operation: RevokeBias done
Event: 5.500 Executing VM operation: RevokeBias
Event: 5.500 Executing VM operation: RevokeBias done
Event: 5.503 Executing VM operation: RevokeBias
Event: 5.503 Executing VM operation: RevokeBias done
Event: 5.504 loading class Vista/elaces$6
Event: 5.504 loading class Vista/elaces$6 done


Dynamic libraries:
0x00007ff633560000 - 0x00007ff633597000 	C:\Program Files\Java\jdk1.8.0_231\bin\java.exe
0x00007fff8d000000 - 0x00007fff8d1c2000 	C:\Windows\SYSTEM32\ntdll.dll
0x00007fff8cc10000 - 0x00007fff8ccbd000 	C:\Windows\system32\KERNEL32.DLL
0x00007fff76180000 - 0x00007fff76194000 	C:\Program Files\AVAST Software\Avast\aswhook.dll
0x00007fff89b70000 - 0x00007fff89d4d000 	C:\Windows\system32\KERNELBASE.dll
0x00007fff8cf50000 - 0x00007fff8cff6000 	C:\Windows\system32\ADVAPI32.dll
0x00007fff8aae0000 - 0x00007fff8ab7d000 	C:\Windows\system32\msvcrt.dll
0x00007fff8acd0000 - 0x00007fff8ad2b000 	C:\Windows\system32\sechost.dll
0x00007fff8ccc0000 - 0x00007fff8cde6000 	C:\Windows\system32\RPCRT4.dll
0x00007fff8ab80000 - 0x00007fff8acce000 	C:\Windows\system32\USER32.dll
0x00007fff8a7a0000 - 0x00007fff8a923000 	C:\Windows\system32\GDI32.dll
0x00007fff82130000 - 0x00007fff823a4000 	C:\Windows\WinSxS\amd64_microsoft.windows.common-controls_6595b64144ccf1df_6.0.10240.17184_none_f41d7a705752bce6\COMCTL32.dll
0x00007fff8cb70000 - 0x00007fff8cba6000 	C:\Windows\system32\IMM32.DLL
0x00007fff8c760000 - 0x00007fff8c8bc000 	C:\Windows\system32\MSCTF.dll
0x0000000051190000 - 0x0000000051262000 	C:\Program Files\Java\jdk1.8.0_231\jre\bin\msvcr100.dll
0x00000000508e0000 - 0x0000000051186000 	C:\Program Files\Java\jdk1.8.0_231\jre\bin\server\jvm.dll
0x00007fff8ca90000 - 0x00007fff8ca98000 	C:\Windows\system32\PSAPI.DLL
0x00007fff855b0000 - 0x00007fff855b9000 	C:\Windows\SYSTEM32\WSOCK32.dll
0x00007fff8c6f0000 - 0x00007fff8c759000 	C:\Windows\system32\WS2_32.dll
0x00007fff8ad90000 - 0x00007fff8ad98000 	C:\Windows\system32\NSI.dll
0x00007fff87fa0000 - 0x00007fff87fc3000 	C:\Windows\SYSTEM32\WINMM.dll
0x00007fff855a0000 - 0x00007fff855aa000 	C:\Windows\SYSTEM32\VERSION.dll
0x00007fff87f40000 - 0x00007fff87f6c000 	C:\Windows\SYSTEM32\WINMMBASE.dll
0x00007fff8a670000 - 0x00007fff8a6b4000 	C:\Windows\system32\cfgmgr32.dll
0x00007fff883a0000 - 0x00007fff883c7000 	C:\Windows\SYSTEM32\DEVOBJ.dll
0x00007fff845b0000 - 0x00007fff845bf000 	C:\Program Files\Java\jdk1.8.0_231\jre\bin\verify.dll
0x00007fff83020000 - 0x00007fff83049000 	C:\Program Files\Java\jdk1.8.0_231\jre\bin\java.dll
0x00007fff84580000 - 0x00007fff84596000 	C:\Program Files\Java\jdk1.8.0_231\jre\bin\zip.dll
0x00007fff8af40000 - 0x00007fff8c463000 	C:\Windows\system32\SHELL32.dll
0x00007fff89f20000 - 0x00007fff8a549000 	C:\Windows\system32\windows.storage.dll
0x00007fff8c470000 - 0x00007fff8c6ec000 	C:\Windows\system32\combase.dll
0x00007fff8cbb0000 - 0x00007fff8cc01000 	C:\Windows\system32\shlwapi.dll
0x00007fff89a60000 - 0x00007fff89a6f000 	C:\Windows\system32\kernel.appcore.dll
0x00007fff8a5b0000 - 0x00007fff8a663000 	C:\Windows\system32\shcore.dll
0x00007fff89a70000 - 0x00007fff89aba000 	C:\Windows\system32\powrprof.dll
0x00007fff89a20000 - 0x00007fff89a33000 	C:\Windows\system32\profapi.dll
0x00007fff71630000 - 0x00007fff717ca000 	C:\Program Files\Java\jdk1.8.0_231\jre\bin\awt.dll
0x00007fff8ada0000 - 0x00007fff8ae62000 	C:\Windows\system32\OLEAUT32.dll
0x00007fff88180000 - 0x00007fff881f8000 	C:\Windows\system32\apphelp.dll
0x00007fff87850000 - 0x00007fff87872000 	C:\Windows\system32\DWMAPI.DLL
0x00007fff88300000 - 0x00007fff88396000 	C:\Windows\system32\uxtheme.dll
0x00007fff697a0000 - 0x00007fff698c8000 	C:\Windows\system32\opengl32.dll
0x00007fff76ad0000 - 0x00007fff76afe000 	C:\Windows\SYSTEM32\GLU32.dll
0x00007fff6f4d0000 - 0x00007fff6f5c6000 	C:\Windows\SYSTEM32\DDRAW.dll
0x00007fff825e0000 - 0x00007fff825e8000 	C:\Windows\SYSTEM32\DCIMAN32.dll
0x00007fff8cdf0000 - 0x00007fff8cf31000 	C:\Windows\system32\ole32.dll
0x00007fff89840000 - 0x00007fff898ab000 	C:\Windows\SYSTEM32\bcryptPrimitives.dll
0x00007fff802b0000 - 0x00007fff802f9000 	C:\Program Files\Java\jdk1.8.0_231\jre\bin\fontmanager.dll
0x00007fff83b10000 - 0x00007fff83b2a000 	C:\Program Files\Java\jdk1.8.0_231\jre\bin\net.dll
0x00007fff89230000 - 0x00007fff8928d000 	C:\Windows\system32\mswsock.dll
0x00007fff82ea0000 - 0x00007fff82eb2000 	C:\Program Files\Java\jdk1.8.0_231\jre\bin\nio.dll
0x00007fff7a4a0000 - 0x00007fff7a4e2000 	C:\Program Files\Java\jdk1.8.0_231\jre\bin\t2k.dll
0x00007fff8ae90000 - 0x00007fff8af35000 	C:\Windows\system32\clbcatq.dll
0x00007fff85950000 - 0x00007fff85b02000 	C:\Windows\SYSTEM32\WindowsCodecs.dll
0x00007fff89950000 - 0x00007fff89978000 	C:\Windows\SYSTEM32\bcrypt.dll
0x00007fff89290000 - 0x00007fff892a7000 	C:\Windows\SYSTEM32\cryptsp.dll
0x00007fff88e80000 - 0x00007fff88eb3000 	C:\Windows\system32\rsaenh.dll
0x00007fff89400000 - 0x00007fff8940b000 	C:\Windows\SYSTEM32\CRYPTBASE.dll
0x00007fff7af00000 - 0x00007fff7af46000 	C:\Windows\system32\dataexchange.dll
0x00007fff81970000 - 0x00007fff81eb5000 	C:\Windows\system32\d2d1.dll
0x00007fff875a0000 - 0x00007fff87843000 	C:\Windows\system32\d3d11.dll
0x00007fff87ba0000 - 0x00007fff87c71000 	C:\Windows\system32\dcomp.dll
0x00007fff874e0000 - 0x00007fff8757c000 	C:\Windows\system32\dxgi.dll
0x00007fff883f0000 - 0x00007fff884de000 	C:\Windows\system32\twinapi.appcore.dll
0x00007fff88fd0000 - 0x00007fff88fef000 	C:\Windows\system32\USERENV.dll

VM Arguments:
jvm_args: -Dfile.encoding=UTF-8 
java_command: servicios.controlMain
java_class_path (initial): C:\Program Files\NetBeans 8.2\java\modules\ext\AbsoluteLayout.jar;C:\Program Files\NetBeans 8.2\ide\modules\ext\mysql-connector-java-5.1.23-bin.jar;C:\Users\erika\OneDrive\Documentos\NetBeansProjects\Adminitrador\build\classes
Launcher Type: SUN_STANDARD

Environment Variables:
PATH=C:\Program Files (x86)\Common Files\Oracle\Java\javapath;C:\Program Files (x86)\Intel\TXE Components\TCS\;C:\Program Files\Intel\TXE Components\TCS\;C:\Windows\system32;C:\Windows;C:\Windows\System32\Wbem;C:\Windows\System32\WindowsPowerShell\v1.0\;C:\Program Files\Intel\TXE Components\DAL\;C:\Program Files (x86)\Intel\TXE Components\DAL\;C:\Program Files\Intel\TXE Components\IPT\;C:\Program Files (x86)\Intel\TXE Components\IPT\
USERNAME=erika
OS=Windows_NT
PROCESSOR_IDENTIFIER=Intel64 Family 6 Model 76 Stepping 3, GenuineIntel



---------------  S Y S T E M  ---------------

OS: Windows 10.0 , 64 bit Build 10240 (10.0.10240.17113)

CPU:total 2 (initial active 2) (2 cores per cpu, 1 threads per core) family 6 model 76 stepping 3, cmov, cx8, fxsr, mmx, sse, sse2, sse3, ssse3, sse4.1, sse4.2, popcnt, aes, clmul, erms, 3dnowpref, tsc, tscinvbit

Memory: 4k page, physical 1950992k(88228k free), swap 5109224k(95560k free)

vm_info: Java HotSpot(TM) 64-Bit Server VM (25.231-b11) for windows-amd64 JRE (1.8.0_231-b11), built on Oct  5 2019 03:11:30 by "java_re" with MS VC++ 10.0 (VS2010)

time: Sat Feb 15 04:12:52 2020
timezone: Hora estándar de Argentina
elapsed time: 5 seconds (0d 0h 0m 5s)

